08:10:38.076 [main] INFO  api.test.UserTests - ********** Creating user  ***************
08:10:42.723 [main] INFO  api.test.UserTests - **********User is creatged  ***************
08:10:42.765 [main] INFO  api.test.UserTests - ********** Reading User Info ***************
08:10:44.063 [main] INFO  api.test.UserTests - **********User info  is displayed ***************
08:10:44.088 [main] INFO  api.test.UserTests - ********** Updating User ***************
08:10:45.327 [main] INFO  api.test.UserTests - ********** User updated ***************
08:10:46.608 [main] INFO  api.test.UserTests - **********   Deleting User  ***************
08:10:47.826 [main] INFO  api.test.UserTests - ********** User deleted ***************
08:11:56.752 [main] INFO  api.test.UserTests - ********** Creating user  ***************
08:12:01.470 [main] INFO  api.test.UserTests - **********User is creatged  ***************
08:12:01.506 [main] INFO  api.test.UserTests - ********** Reading User Info ***************
08:12:02.838 [main] INFO  api.test.UserTests - **********User info  is displayed ***************
08:12:02.864 [main] INFO  api.test.UserTests - ********** Updating User ***************
08:12:04.117 [main] INFO  api.test.UserTests - ********** User updated ***************
08:12:05.405 [main] INFO  api.test.UserTests - **********   Deleting User  ***************
08:12:06.604 [main] INFO  api.test.UserTests - ********** User deleted ***************
08:13:05.509 [main] INFO  api.test.UserTests - ********** Creating user  ***************
08:13:10.095 [main] INFO  api.test.UserTests - **********User is creatged  ***************
08:13:10.139 [main] INFO  api.test.UserTests - ********** Reading User Info ***************
08:13:11.464 [main] INFO  api.test.UserTests - **********User info  is displayed ***************
08:13:11.481 [main] INFO  api.test.UserTests - ********** Updating User ***************
08:13:12.748 [main] INFO  api.test.UserTests - ********** User updated ***************
08:13:13.990 [main] INFO  api.test.UserTests - **********   Deleting User  ***************
08:13:15.359 [main] INFO  api.test.UserTests - ********** User deleted ***************
08:14:05.816 [main] DEBUG api.test.UserTests - debugging.....
08:14:05.841 [main] INFO  api.test.UserTests - ********** Creating user  ***************
08:14:10.248 [main] INFO  api.test.UserTests - **********User is creatged  ***************
08:14:10.284 [main] INFO  api.test.UserTests - ********** Reading User Info ***************
08:14:11.592 [main] INFO  api.test.UserTests - **********User info  is displayed ***************
08:14:11.626 [main] INFO  api.test.UserTests - ********** Updating User ***************
08:14:12.876 [main] INFO  api.test.UserTests - ********** User updated ***************
08:14:14.128 [main] INFO  api.test.UserTests - **********   Deleting User  ***************
08:14:15.320 [main] INFO  api.test.UserTests - ********** User deleted ***************
06:55:31.318 [main] DEBUG api.test.UserTests2 - debugging.....
06:55:31.343 [main] INFO  api.test.UserTests2 - ********** Creating user  ***************
06:55:36.372 [main] INFO  api.test.UserTests2 - **********User is creatged  ***************
06:55:36.409 [main] INFO  api.test.UserTests2 - ********** Reading User Info ***************
06:55:37.716 [main] INFO  api.test.UserTests2 - **********User info  is displayed ***************
06:55:37.732 [main] INFO  api.test.UserTests2 - ********** Updating User ***************
06:55:39.019 [main] INFO  api.test.UserTests2 - ********** User updated ***************
06:55:40.303 [main] INFO  api.test.UserTests2 - **********   Deleting User  ***************
06:55:41.565 [main] INFO  api.test.UserTests2 - ********** User deleted ***************
07:08:51.113 [main] DEBUG api.test.UserTests2 - debugging.....
07:08:51.133 [main] INFO  api.test.UserTests2 - ********** Creating user  ***************
07:08:56.049 [main] INFO  api.test.UserTests2 - **********User is creatged  ***************
07:08:56.081 [main] INFO  api.test.UserTests2 - ********** Reading User Info ***************
07:08:57.553 [main] INFO  api.test.UserTests2 - **********User info  is displayed ***************
07:08:57.561 [main] INFO  api.test.UserTests2 - ********** Updating User ***************
07:08:59.383 [main] INFO  api.test.UserTests2 - ********** User updated ***************
07:09:00.627 [main] INFO  api.test.UserTests2 - **********   Deleting User  ***************
07:09:01.879 [main] INFO  api.test.UserTests2 - ********** User deleted ***************
08:35:40.248 [main] DEBUG api.test.UserTests2 - debugging.....
08:35:40.279 [main] INFO  api.test.UserTests2 - ********** Creating user  ***************
08:35:45.653 [main] INFO  api.test.UserTests2 - **********User is creatged  ***************
08:35:45.668 [main] INFO  api.test.UserTests2 - ********** Reading User Info ***************
08:35:47.466 [main] INFO  api.test.UserTests2 - **********User info  is displayed ***************
08:35:47.481 [main] INFO  api.test.UserTests2 - ********** Updating User ***************
08:35:49.225 [main] INFO  api.test.UserTests2 - ********** User updated ***************
08:35:50.736 [main] INFO  api.test.UserTests2 - **********   Deleting User  ***************
08:35:52.165 [main] INFO  api.test.UserTests2 - ********** User deleted ***************
06:46:44.368 [main] DEBUG api.test.UserTests2 - debugging.....
06:46:44.388 [main] INFO  api.test.UserTests2 - ********** Creating user  ***************
06:46:49.176 [main] INFO  api.test.UserTests2 - **********User is creatged  ***************
06:46:49.204 [main] INFO  api.test.UserTests2 - ********** Reading User Info ***************
06:46:50.579 [main] INFO  api.test.UserTests2 - **********User info  is displayed ***************
06:46:50.591 [main] INFO  api.test.UserTests2 - ********** Updating User ***************
06:46:51.859 [main] INFO  api.test.UserTests2 - ********** User updated ***************
06:46:53.139 [main] INFO  api.test.UserTests2 - **********   Deleting User  ***************
06:46:54.397 [main] INFO  api.test.UserTests2 - ********** User deleted ***************
17:07:37.509 [main] DEBUG api.test.UserTests2 - debugging.....
17:07:37.527 [main] INFO  api.test.UserTests2 - ********** Creating user  ***************
17:07:42.647 [main] INFO  api.test.UserTests2 - **********User is creatged  ***************
17:07:42.663 [main] INFO  api.test.UserTests2 - ********** Reading User Info ***************
17:07:44.023 [main] INFO  api.test.UserTests2 - **********User info  is displayed ***************
17:07:44.027 [main] INFO  api.test.UserTests2 - ********** Updating User ***************
17:07:45.351 [main] INFO  api.test.UserTests2 - ********** User updated ***************
17:07:46.788 [main] INFO  api.test.UserTests2 - **********   Deleting User  ***************
17:07:48.063 [main] INFO  api.test.UserTests2 - ********** User deleted ***************
17:54:03.705 [main] DEBUG api.test.UserTests2 - debugging.....
17:54:03.729 [main] INFO  api.test.UserTests2 - ********** Creating user  ***************
17:54:08.072 [main] INFO  api.test.UserTests2 - **********User is creatged  ***************
17:54:08.095 [main] INFO  api.test.UserTests2 - ********** Reading User Info ***************
17:54:09.391 [main] INFO  api.test.UserTests2 - **********User info  is displayed ***************
17:54:09.396 [main] INFO  api.test.UserTests2 - ********** Updating User ***************
17:54:10.728 [main] INFO  api.test.UserTests2 - ********** User updated ***************
17:54:12.053 [main] INFO  api.test.UserTests2 - **********   Deleting User  ***************
17:54:13.330 [main] INFO  api.test.UserTests2 - ********** User deleted ***************
19:07:01.575 [main] DEBUG api.test.UserTests2 - debugging.....
19:07:01.600 [main] INFO  api.test.UserTests2 - ********** Creating user  ***************
19:07:08.159 [main] INFO  api.test.UserTests2 - **********User is creatged  ***************
19:07:08.185 [main] INFO  api.test.UserTests2 - ********** Reading User Info ***************
19:07:09.387 [main] INFO  api.test.UserTests2 - **********User info  is displayed ***************
19:07:09.391 [main] INFO  api.test.UserTests2 - ********** Updating User ***************
19:07:10.624 [main] INFO  api.test.UserTests2 - ********** User updated ***************
19:07:12.558 [main] INFO  api.test.UserTests2 - **********   Deleting User  ***************
19:07:13.683 [main] INFO  api.test.UserTests2 - ********** User deleted ***************
19:08:16.170 [main] DEBUG api.test.UserTests2 - debugging.....
19:08:16.215 [main] INFO  api.test.UserTests2 - ********** Creating user  ***************
19:08:19.788 [main] INFO  api.test.UserTests2 - **********User is creatged  ***************
19:08:19.810 [main] INFO  api.test.UserTests2 - ********** Reading User Info ***************
19:08:21.739 [main] INFO  api.test.UserTests2 - **********User info  is displayed ***************
19:08:21.745 [main] INFO  api.test.UserTests2 - ********** Updating User ***************
19:08:22.929 [main] INFO  api.test.UserTests2 - ********** User updated ***************
19:08:24.865 [main] INFO  api.test.UserTests2 - **********   Deleting User  ***************
19:08:26.045 [main] INFO  api.test.UserTests2 - ********** User deleted ***************
19:17:47.484 [main] DEBUG api.test.UserTests2 - debugging.....
19:17:47.498 [main] INFO  api.test.UserTests2 - ********** Creating user  ***************
19:17:50.983 [main] INFO  api.test.UserTests2 - **********User is creatged  ***************
19:17:50.997 [main] INFO  api.test.UserTests2 - ********** Reading User Info ***************
19:17:52.218 [main] INFO  api.test.UserTests2 - **********User info  is displayed ***************
19:17:52.223 [main] INFO  api.test.UserTests2 - ********** Updating User ***************
19:17:53.446 [main] INFO  api.test.UserTests2 - ********** User updated ***************
19:17:54.671 [main] INFO  api.test.UserTests2 - **********   Deleting User  ***************
19:17:55.900 [main] INFO  api.test.UserTests2 - ********** User deleted ***************
17:39:55.067 [main] DEBUG api.test.UserTests2 - debugging.....
17:39:55.077 [main] INFO  api.test.UserTests2 - ********** Creating user  ***************
17:40:00.615 [main] INFO  api.test.UserTests2 - **********User is creatged  ***************
17:40:00.628 [main] INFO  api.test.UserTests2 - ********** Reading User Info ***************
17:40:01.796 [main] INFO  api.test.UserTests2 - **********User info  is displayed ***************
17:40:01.800 [main] INFO  api.test.UserTests2 - ********** Updating User ***************
17:40:03.681 [main] INFO  api.test.UserTests2 - ********** User updated ***************
17:40:04.794 [main] INFO  api.test.UserTests2 - **********   Deleting User  ***************
17:40:06.675 [main] INFO  api.test.UserTests2 - ********** User deleted ***************
